<?xml version="1.0" encoding="UTF-8"?>
<!-- Generated by org.testng.reporters.JUnitReportReporter -->
<testsuite hostname="LTIN236884" failures="0" tests="1" name="TestFunction.InsuranceForCar" time="10.442" errors="0" timestamp="2024-02-22T15:28:41 IST" skipped="0">
  <testcase classname="TestFunction.InsuranceForCar" name="MainCarInsurance" time="10.442"/>
</testsuite> <!-- TestFunction.InsuranceForCar -->
