<?xml version="1.0" encoding="UTF-8"?>
<!-- Generated by org.testng.reporters.JUnitReportReporter -->
<testsuite hostname="LTIN236884" failures="0" tests="3" name="TestCase.SportsAcivity" time="17.619" errors="0" timestamp="2024-02-16T18:01:43 IST" skipped="0">
  <testcase classname="TestCase.SportsAcivity" name="Setup" time="9.855"/>
  <testcase classname="TestCase.SportsAcivity" name="SelectCity" time="0.725"/>
  <testcase classname="TestCase.SportsAcivity" name="SelectSports" time="7.039"/>
</testsuite> <!-- TestCase.SportsAcivity -->
